<?xml version="1.0" encoding="UTF-8"?>
<testsuite name="DemoClassTest" tests="1" skipped="0" failures="0" errors="0" timestamp="2020-03-20T13:23:09" hostname="DELL-PC" time="0.003">
  <properties/>
  <testcase name="givenStatesCensusCSVFile_WhenNumberOfRecordsMatches_ShouldReturnTrue" classname="DemoClassTest" time="0.003"/>
  <system-out><![CDATA[]]></system-out>
  <system-err><![CDATA[]]></system-err>
</testsuite>
